<?xml version="1.0" encoding="UTF-8"?>
<robot generator="Robot 3.1.2 (Python 3.8.0 on win32)" generated="20200122 09:52:43.534" rpa="false">
<suite id="s1" name="InputBox" source="C:\Users\pmarchenko\Documents\Ptestpy\RobotTests\TestCases\InputBox.robot">
<test id="s1-t1" name="TestingInputBox">
<kw name="open browser">
<arguments>
<arg>${url}</arg>
<arg>${browser}</arg>
</arguments>
<msg timestamp="20200122 09:52:43.706" level="FAIL">No keyword with name 'open browser' found.</msg>
<status status="FAIL" starttime="20200122 09:52:43.706" endtime="20200122 09:52:43.706"></status>
</kw>
<status status="FAIL" starttime="20200122 09:52:43.703" endtime="20200122 09:52:43.707" critical="yes">No keyword with name 'open browser' found.</status>
</test>
<status status="FAIL" starttime="20200122 09:52:43.556" endtime="20200122 09:52:43.709"></status>
</suite>
<statistics>
<total>
<stat pass="0" fail="1">Critical Tests</stat>
<stat pass="0" fail="1">All Tests</stat>
</total>
<tag>
</tag>
<suite>
<stat pass="0" fail="1" id="s1" name="InputBox">InputBox</stat>
</suite>
</statistics>
<errors>
<msg timestamp="20200122 09:52:43.455" level="ERROR">Error in file 'C:\Users\pmarchenko\Documents\Ptestpy\RobotTests\TestCases\InputBox.robot': Non-existing setting 'Library SeleniumLibrary'.</msg>
</errors>
</robot>
